<?xml version="1.0" encoding="UTF-8"?>
<!-- Generated by org.testng.reporters.JUnitXMLReporter -->
<testsuite hostname="DESKTOP-BHCQ0KF" ignored="0" name="EtailPet Website Test Cases" tests="2" failures="0" timestamp="23 May 2020 04:58:13 GMT" time="33.58" errors="0">
  <testcase name="VerifyHomePageTitleTest" time="3.012" classname="com.etailpet.qa.testcases.HomePageTest"/>
  <testcase name="SignUpPageTitleTest" time="0.012" classname="com.etailpet.qa.testcases.SignUpPageTest"/>
</testsuite> <!-- EtailPet Website Test Cases -->
